ERROR [main] portico.lrc: No response from RTI (null) for message type: CreateFederation
hla.rti.RTIinternalError: No response from RTI (null) for message type: CreateFederation serial:0
	at org.portico.impl.hla13.Rti13Ambassador.processMessage(Rti13Ambassador.java:5827)
	at org.portico.impl.hla13.Rti13Ambassador.createFederationExecution(Rti13Ambassador.java:194)
	at hla13.Example13Federate.runFederate(Example13Federate.java:184)
	at hla13.Example13Federate.main(Example13Federate.java:563)
	at sun.reflect.NativeMethodAccessorImpl.invoke0(Native Method)
	at sun.reflect.NativeMethodAccessorImpl.invoke(NativeMethodAccessorImpl.java:39)
	at sun.reflect.DelegatingMethodAccessorImpl.invoke(DelegatingMethodAccessorImpl.java:25)
	at java.lang.reflect.Method.invoke(Method.java:597)
	at org.eclipse.jdt.internal.jarinjarloader.JarRsrcLoader.main(JarRsrcLoader.java:58)
ERROR [main] portico.lrc: No response from RTI (null) for message type: CreateFederation
hla.rti.RTIinternalError: No response from RTI (null) for message type: CreateFederation serial:0
	at org.portico.impl.hla13.Rti13Ambassador.processMessage(Rti13Ambassador.java:5827)
	at org.portico.impl.hla13.Rti13Ambassador.createFederationExecution(Rti13Ambassador.java:194)
	at hla13.Example13Federate.runFederate(Example13Federate.java:184)
	at hla13.Example13Federate.main(Example13Federate.java:563)
ERROR [main] portico.lrc: No response from RTI (null) for message type: CreateFederation
hla.rti.RTIinternalError: No response from RTI (null) for message type: CreateFederation serial:0
	at org.portico.impl.hla13.Rti13Ambassador.processMessage(Rti13Ambassador.java:5827)
	at org.portico.impl.hla13.Rti13Ambassador.createFederationExecution(Rti13Ambassador.java:194)
	at hla13.Example13Federate.runFederate(Example13Federate.java:184)
	at hla13.Example13Federate.main(Example13Federate.java:563)
	at sun.reflect.NativeMethodAccessorImpl.invoke0(Native Method)
	at sun.reflect.NativeMethodAccessorImpl.invoke(NativeMethodAccessorImpl.java:39)
	at sun.reflect.DelegatingMethodAccessorImpl.invoke(DelegatingMethodAccessorImpl.java:25)
	at java.lang.reflect.Method.invoke(Method.java:597)
	at org.eclipse.jdt.internal.jarinjarloader.JarRsrcLoader.main(JarRsrcLoader.java:58)
ERROR [main] portico.lrc: No response from RTI (null) for message type: CreateFederation
hla.rti.RTIinternalError: No response from RTI (null) for message type: CreateFederation serial:0
	at org.portico.impl.hla13.Rti13Ambassador.processMessage(Rti13Ambassador.java:5827)
	at org.portico.impl.hla13.Rti13Ambassador.createFederationExecution(Rti13Ambassador.java:194)
	at hla13.Example13Federate.runFederate(Example13Federate.java:184)
	at hla13.Example13Federate.main(Example13Federate.java:563)
	at sun.reflect.NativeMethodAccessorImpl.invoke0(Native Method)
	at sun.reflect.NativeMethodAccessorImpl.invoke(NativeMethodAccessorImpl.java:39)
	at sun.reflect.DelegatingMethodAccessorImpl.invoke(DelegatingMethodAccessorImpl.java:25)
	at java.lang.reflect.Method.invoke(Method.java:597)
	at org.eclipse.jdt.internal.jarinjarloader.JarRsrcLoader.main(JarRsrcLoader.java:58)
ERROR [main] portico.lrc: No response from RTI (null) for message type: CreateFederation
hla.rti.RTIinternalError: No response from RTI (null) for message type: CreateFederation serial:0
	at org.portico.impl.hla13.Rti13Ambassador.processMessage(Rti13Ambassador.java:5827)
	at org.portico.impl.hla13.Rti13Ambassador.createFederationExecution(Rti13Ambassador.java:194)
	at hla13.Example13Federate.runFederate(Example13Federate.java:184)
	at hla13.Example13Federate.main(Example13Federate.java:563)
	at sun.reflect.NativeMethodAccessorImpl.invoke0(Native Method)
	at sun.reflect.NativeMethodAccessorImpl.invoke(NativeMethodAccessorImpl.java:39)
	at sun.reflect.DelegatingMethodAccessorImpl.invoke(DelegatingMethodAccessorImpl.java:25)
	at java.lang.reflect.Method.invoke(Method.java:597)
	at org.eclipse.jdt.internal.jarinjarloader.JarRsrcLoader.main(JarRsrcLoader.java:58)
ERROR [main] portico.lrc: No response from RTI (null) for message type: CreateFederation
hla.rti.RTIinternalError: No response from RTI (null) for message type: CreateFederation serial:0
	at org.portico.impl.hla13.Rti13Ambassador.processMessage(Rti13Ambassador.java:5827)
	at org.portico.impl.hla13.Rti13Ambassador.createFederationExecution(Rti13Ambassador.java:194)
	at hla13.Example13Federate.runFederate(Example13Federate.java:184)
	at hla13.Example13Federate.main(Example13Federate.java:563)
	at sun.reflect.NativeMethodAccessorImpl.invoke0(Native Method)
	at sun.reflect.NativeMethodAccessorImpl.invoke(NativeMethodAccessorImpl.java:39)
	at sun.reflect.DelegatingMethodAccessorImpl.invoke(DelegatingMethodAccessorImpl.java:25)
	at java.lang.reflect.Method.invoke(Method.java:597)
	at org.eclipse.jdt.internal.jarinjarloader.JarRsrcLoader.main(JarRsrcLoader.java:58)
ERROR [main] portico.lrc: No response from RTI (null) for message type: CreateFederation
hla.rti.RTIinternalError: No response from RTI (null) for message type: CreateFederation serial:0
	at org.portico.impl.hla13.Rti13Ambassador.processMessage(Rti13Ambassador.java:5827)
	at org.portico.impl.hla13.Rti13Ambassador.createFederationExecution(Rti13Ambassador.java:194)
	at hla13.Example13Federate.runFederate(Example13Federate.java:184)
	at hla13.Example13Federate.main(Example13Federate.java:563)
	at sun.reflect.NativeMethodAccessorImpl.invoke0(Native Method)
	at sun.reflect.NativeMethodAccessorImpl.invoke(NativeMethodAccessorImpl.java:39)
	at sun.reflect.DelegatingMethodAccessorImpl.invoke(DelegatingMethodAccessorImpl.java:25)
	at java.lang.reflect.Method.invoke(Method.java:597)
	at org.eclipse.jdt.internal.jarinjarloader.JarRsrcLoader.main(JarRsrcLoader.java:58)
